G:\RFX\SOPKA\SOPKA2019\sopka\wwwroot\dist\Store\Modules\Inventory\types.js
G:\RFX\SOPKA\SOPKA2019\sopka\wwwroot\dist\Store\Modules\Inventory\types.js.map
G:\RFX\SOPKA\SOPKA2019\sopka\wwwroot\dist\Shared\Datatable\types.js
G:\RFX\SOPKA\SOPKA2019\sopka\wwwroot\dist\Shared\Datatable\types.js.map
G:\RFX\SOPKA\SOPKA2019\sopka\wwwroot\dist\Store\Modules\Dictionaries\types.js
G:\RFX\SOPKA\SOPKA2019\sopka\wwwroot\dist\Store\Modules\Dictionaries\types.js.map
G:\RFX\SOPKA\SOPKA2019\sopka\wwwroot\dist\Components\Dictionaries\DictionaryDatatable.js
G:\RFX\SOPKA\SOPKA2019\sopka\wwwroot\dist\Components\Dictionaries\DictionaryDatatable.js.map
G:\RFX\SOPKA\SOPKA2019\sopka\wwwroot\dist\Store\Modules\Dictionaries\constants.js
G:\RFX\SOPKA\SOPKA2019\sopka\wwwroot\dist\Store\Modules\Dictionaries\constants.js.map
G:\RFX\SOPKA\SOPKA2019\sopka\wwwroot\dist\Store\Modules\Common\types.js
G:\RFX\SOPKA\SOPKA2019\sopka\wwwroot\dist\Store\Modules\Common\types.js.map
G:\RFX\SOPKA\SOPKA2019\sopka\wwwroot\dist\Shared\LogActions.js
G:\RFX\SOPKA\SOPKA2019\sopka\wwwroot\dist\Shared\LogActions.js.map
G:\RFX\SOPKA\SOPKA2019\sopka\wwwroot\dist\Shared\utils.js
G:\RFX\SOPKA\SOPKA2019\sopka\wwwroot\dist\Shared\utils.js.map
G:\RFX\SOPKA\SOPKA2019\sopka\wwwroot\dist\Components\Dictionaries\index.js
G:\RFX\SOPKA\SOPKA2019\sopka\wwwroot\dist\Components\Dictionaries\index.js.map
G:\RFX\SOPKA\SOPKA2019\sopka\wwwroot\dist\Components\Dictionaries\AttackTypes\CreateCriticality.js
G:\RFX\SOPKA\SOPKA2019\sopka\wwwroot\dist\Components\Dictionaries\AttackTypes\CreateCriticality.js.map
G:\RFX\SOPKA\SOPKA2019\sopka\wwwroot\dist\Components\Dictionaries\AttackTypes\EditForm.js
G:\RFX\SOPKA\SOPKA2019\sopka\wwwroot\dist\Components\Dictionaries\AttackTypes\EditForm.js.map
G:\RFX\SOPKA\SOPKA2019\sopka\wwwroot\dist\Components\Dictionaries\AttackTypes\SearchFilter.js
G:\RFX\SOPKA\SOPKA2019\sopka\wwwroot\dist\Components\Dictionaries\AttackTypes\SearchFilter.js.map
G:\RFX\SOPKA\SOPKA2019\sopka\wwwroot\dist\Components\Dictionaries\AttackTypes\index.js
G:\RFX\SOPKA\SOPKA2019\sopka\wwwroot\dist\Components\Dictionaries\AttackTypes\index.js.map
G:\RFX\SOPKA\SOPKA2019\sopka\wwwroot\dist\Components\Dictionaries\Branches\EditForm.js
G:\RFX\SOPKA\SOPKA2019\sopka\wwwroot\dist\Components\Dictionaries\Branches\EditForm.js.map
G:\RFX\SOPKA\SOPKA2019\sopka\wwwroot\dist\Components\Dictionaries\Branches\SearchFilter.js
G:\RFX\SOPKA\SOPKA2019\sopka\wwwroot\dist\Components\Dictionaries\Branches\SearchFilter.js.map
G:\RFX\SOPKA\SOPKA2019\sopka\wwwroot\dist\Components\Dictionaries\Branches\index.js
G:\RFX\SOPKA\SOPKA2019\sopka\wwwroot\dist\Components\Dictionaries\Branches\index.js.map
G:\RFX\SOPKA\SOPKA2019\sopka\wwwroot\dist\Components\Dictionaries\CPU\EditForm.js
G:\RFX\SOPKA\SOPKA2019\sopka\wwwroot\dist\Components\Dictionaries\CPU\EditForm.js.map
G:\RFX\SOPKA\SOPKA2019\sopka\wwwroot\dist\Components\Dictionaries\CPU\SearchFilter.js
G:\RFX\SOPKA\SOPKA2019\sopka\wwwroot\dist\Components\Dictionaries\CPU\SearchFilter.js.map
G:\RFX\SOPKA\SOPKA2019\sopka\wwwroot\dist\Components\Dictionaries\CPU\index.js
G:\RFX\SOPKA\SOPKA2019\sopka\wwwroot\dist\Components\Dictionaries\CPU\index.js.map
G:\RFX\SOPKA\SOPKA2019\sopka\wwwroot\dist\Components\Dictionaries\EquipmentTypes\EditForm.js
G:\RFX\SOPKA\SOPKA2019\sopka\wwwroot\dist\Components\Dictionaries\EquipmentTypes\EditForm.js.map
G:\RFX\SOPKA\SOPKA2019\sopka\wwwroot\dist\Components\Dictionaries\EquipmentTypes\SearchFilter.js
G:\RFX\SOPKA\SOPKA2019\sopka\wwwroot\dist\Components\Dictionaries\EquipmentTypes\SearchFilter.js.map
G:\RFX\SOPKA\SOPKA2019\sopka\wwwroot\dist\Components\Dictionaries\EquipmentTypes\index.js
G:\RFX\SOPKA\SOPKA2019\sopka\wwwroot\dist\Components\Dictionaries\EquipmentTypes\index.js.map
G:\RFX\SOPKA\SOPKA2019\sopka\wwwroot\dist\Components\Dictionaries\HDD\EditForm.js
G:\RFX\SOPKA\SOPKA2019\sopka\wwwroot\dist\Components\Dictionaries\HDD\EditForm.js.map
G:\RFX\SOPKA\SOPKA2019\sopka\wwwroot\dist\Components\Dictionaries\HDD\SearchFilter.js
G:\RFX\SOPKA\SOPKA2019\sopka\wwwroot\dist\Components\Dictionaries\HDD\SearchFilter.js.map
G:\RFX\SOPKA\SOPKA2019\sopka\wwwroot\dist\Components\Dictionaries\HDD\index.js
G:\RFX\SOPKA\SOPKA2019\sopka\wwwroot\dist\Components\Dictionaries\HDD\index.js.map
G:\RFX\SOPKA\SOPKA2019\sopka\wwwroot\dist\Components\Dictionaries\NetworkAdapters\EditForm.js
G:\RFX\SOPKA\SOPKA2019\sopka\wwwroot\dist\Components\Dictionaries\NetworkAdapters\EditForm.js.map
G:\RFX\SOPKA\SOPKA2019\sopka\wwwroot\dist\Components\Dictionaries\NetworkAdapters\SearchFilter.js
G:\RFX\SOPKA\SOPKA2019\sopka\wwwroot\dist\Components\Dictionaries\NetworkAdapters\SearchFilter.js.map
G:\RFX\SOPKA\SOPKA2019\sopka\wwwroot\dist\Components\Dictionaries\NetworkAdapters\index.js
G:\RFX\SOPKA\SOPKA2019\sopka\wwwroot\dist\Components\Dictionaries\NetworkAdapters\index.js.map
G:\RFX\SOPKA\SOPKA2019\sopka\wwwroot\dist\Components\Dictionaries\OS\EditForm.js
G:\RFX\SOPKA\SOPKA2019\sopka\wwwroot\dist\Components\Dictionaries\OS\EditForm.js.map
G:\RFX\SOPKA\SOPKA2019\sopka\wwwroot\dist\Components\Dictionaries\OS\SearchFilter.js
G:\RFX\SOPKA\SOPKA2019\sopka\wwwroot\dist\Components\Dictionaries\OS\SearchFilter.js.map
G:\RFX\SOPKA\SOPKA2019\sopka\wwwroot\dist\Components\Dictionaries\OS\index.js
G:\RFX\SOPKA\SOPKA2019\sopka\wwwroot\dist\Components\Dictionaries\OS\index.js.map
G:\RFX\SOPKA\SOPKA2019\sopka\wwwroot\dist\Components\Dictionaries\ObjectTypes\EditForm.js
G:\RFX\SOPKA\SOPKA2019\sopka\wwwroot\dist\Components\Dictionaries\ObjectTypes\EditForm.js.map
G:\RFX\SOPKA\SOPKA2019\sopka\wwwroot\dist\Components\Dictionaries\ObjectTypes\SearchFilter.js
G:\RFX\SOPKA\SOPKA2019\sopka\wwwroot\dist\Components\Dictionaries\ObjectTypes\SearchFilter.js.map
G:\RFX\SOPKA\SOPKA2019\sopka\wwwroot\dist\Components\Dictionaries\ObjectTypes\index.js
G:\RFX\SOPKA\SOPKA2019\sopka\wwwroot\dist\Components\Dictionaries\ObjectTypes\index.js.map
G:\RFX\SOPKA\SOPKA2019\sopka\wwwroot\dist\Components\Dictionaries\Platforms\EditForm.js
G:\RFX\SOPKA\SOPKA2019\sopka\wwwroot\dist\Components\Dictionaries\Platforms\EditForm.js.map
G:\RFX\SOPKA\SOPKA2019\sopka\wwwroot\dist\Components\Dictionaries\Platforms\SearchFilter.js
G:\RFX\SOPKA\SOPKA2019\sopka\wwwroot\dist\Components\Dictionaries\Platforms\SearchFilter.js.map
G:\RFX\SOPKA\SOPKA2019\sopka\wwwroot\dist\Components\Dictionaries\Platforms\index.js
G:\RFX\SOPKA\SOPKA2019\sopka\wwwroot\dist\Components\Dictionaries\Platforms\index.js.map
G:\RFX\SOPKA\SOPKA2019\sopka\wwwroot\dist\Components\Dictionaries\RAM\EditForm.js
G:\RFX\SOPKA\SOPKA2019\sopka\wwwroot\dist\Components\Dictionaries\RAM\EditForm.js.map
G:\RFX\SOPKA\SOPKA2019\sopka\wwwroot\dist\Components\Dictionaries\RAM\SearchFilter.js
G:\RFX\SOPKA\SOPKA2019\sopka\wwwroot\dist\Components\Dictionaries\RAM\SearchFilter.js.map
G:\RFX\SOPKA\SOPKA2019\sopka\wwwroot\dist\Components\Dictionaries\RAM\index.js
G:\RFX\SOPKA\SOPKA2019\sopka\wwwroot\dist\Components\Dictionaries\RAM\index.js.map
G:\RFX\SOPKA\SOPKA2019\sopka\wwwroot\dist\Components\Dictionaries\Raid\EditForm.js
G:\RFX\SOPKA\SOPKA2019\sopka\wwwroot\dist\Components\Dictionaries\Raid\EditForm.js.map
G:\RFX\SOPKA\SOPKA2019\sopka\wwwroot\dist\Components\Dictionaries\Raid\SearchFilter.js
G:\RFX\SOPKA\SOPKA2019\sopka\wwwroot\dist\Components\Dictionaries\Raid\SearchFilter.js.map
G:\RFX\SOPKA\SOPKA2019\sopka\wwwroot\dist\Components\Dictionaries\Raid\index.js
G:\RFX\SOPKA\SOPKA2019\sopka\wwwroot\dist\Components\Dictionaries\Raid\index.js.map
G:\RFX\SOPKA\SOPKA2019\sopka\wwwroot\dist\Components\Dictionaries\Software\EditForm.js
G:\RFX\SOPKA\SOPKA2019\sopka\wwwroot\dist\Components\Dictionaries\Software\EditForm.js.map
G:\RFX\SOPKA\SOPKA2019\sopka\wwwroot\dist\Components\Dictionaries\Software\SearchFilter.js
G:\RFX\SOPKA\SOPKA2019\sopka\wwwroot\dist\Components\Dictionaries\Software\SearchFilter.js.map
G:\RFX\SOPKA\SOPKA2019\sopka\wwwroot\dist\Components\Dictionaries\Software\index.js
G:\RFX\SOPKA\SOPKA2019\sopka\wwwroot\dist\Components\Dictionaries\Software\index.js.map
G:\RFX\SOPKA\SOPKA2019\sopka\wwwroot\dist\Store\Modules\Common\constants.js
G:\RFX\SOPKA\SOPKA2019\sopka\wwwroot\dist\Store\Modules\Common\constants.js.map
G:\RFX\SOPKA\SOPKA2019\sopka\wwwroot\dist\Components\Entry\Entry.js
G:\RFX\SOPKA\SOPKA2019\sopka\wwwroot\dist\Components\Entry\Entry.js.map
G:\RFX\SOPKA\SOPKA2019\sopka\wwwroot\dist\Store\types.js
G:\RFX\SOPKA\SOPKA2019\sopka\wwwroot\dist\Store\types.js.map
G:\RFX\SOPKA\SOPKA2019\sopka\wwwroot\dist\Store\Modules\Inventory\constants.js
G:\RFX\SOPKA\SOPKA2019\sopka\wwwroot\dist\Store\Modules\Inventory\constants.js.map
G:\RFX\SOPKA\SOPKA2019\sopka\wwwroot\dist\Store\Modules\Inventory\actions.js
G:\RFX\SOPKA\SOPKA2019\sopka\wwwroot\dist\Store\Modules\Inventory\actions.js.map
G:\RFX\SOPKA\SOPKA2019\sopka\wwwroot\dist\Store\Modules\Inventory\mutations.js
G:\RFX\SOPKA\SOPKA2019\sopka\wwwroot\dist\Store\Modules\Inventory\mutations.js.map
G:\RFX\SOPKA\SOPKA2019\sopka\wwwroot\dist\Store\Modules\Inventory\getters.js
G:\RFX\SOPKA\SOPKA2019\sopka\wwwroot\dist\Store\Modules\Inventory\getters.js.map
G:\RFX\SOPKA\SOPKA2019\sopka\wwwroot\dist\Store\Modules\Inventory\index.js
G:\RFX\SOPKA\SOPKA2019\sopka\wwwroot\dist\Store\Modules\Inventory\index.js.map
G:\RFX\SOPKA\SOPKA2019\sopka\wwwroot\dist\Store\Modules\Equipment\types.js
G:\RFX\SOPKA\SOPKA2019\sopka\wwwroot\dist\Store\Modules\Equipment\types.js.map
G:\RFX\SOPKA\SOPKA2019\sopka\wwwroot\dist\Store\Modules\Equipment\constants.js
G:\RFX\SOPKA\SOPKA2019\sopka\wwwroot\dist\Store\Modules\Equipment\constants.js.map
G:\RFX\SOPKA\SOPKA2019\sopka\wwwroot\dist\Store\Modules\Equipment\actions.js
G:\RFX\SOPKA\SOPKA2019\sopka\wwwroot\dist\Store\Modules\Equipment\actions.js.map
G:\RFX\SOPKA\SOPKA2019\sopka\wwwroot\dist\Store\Modules\Equipment\mutations.js
G:\RFX\SOPKA\SOPKA2019\sopka\wwwroot\dist\Store\Modules\Equipment\mutations.js.map
G:\RFX\SOPKA\SOPKA2019\sopka\wwwroot\dist\Store\Modules\Equipment\getters.js
G:\RFX\SOPKA\SOPKA2019\sopka\wwwroot\dist\Store\Modules\Equipment\getters.js.map
G:\RFX\SOPKA\SOPKA2019\sopka\wwwroot\dist\Store\Modules\Equipment\index.js
G:\RFX\SOPKA\SOPKA2019\sopka\wwwroot\dist\Store\Modules\Equipment\index.js.map
G:\RFX\SOPKA\SOPKA2019\sopka\wwwroot\dist\Store\Modules\Incident\types.js
G:\RFX\SOPKA\SOPKA2019\sopka\wwwroot\dist\Store\Modules\Incident\types.js.map
G:\RFX\SOPKA\SOPKA2019\sopka\wwwroot\dist\Store\Modules\Incident\constants.js
G:\RFX\SOPKA\SOPKA2019\sopka\wwwroot\dist\Store\Modules\Incident\constants.js.map
G:\RFX\SOPKA\SOPKA2019\sopka\wwwroot\dist\Store\Modules\KnowledgeBase\types.js
G:\RFX\SOPKA\SOPKA2019\sopka\wwwroot\dist\Store\Modules\KnowledgeBase\types.js.map
G:\RFX\SOPKA\SOPKA2019\sopka\wwwroot\dist\Store\Modules\Incident\actions.js
G:\RFX\SOPKA\SOPKA2019\sopka\wwwroot\dist\Store\Modules\Incident\actions.js.map
G:\RFX\SOPKA\SOPKA2019\sopka\wwwroot\dist\Store\Modules\Incident\mutations.js
G:\RFX\SOPKA\SOPKA2019\sopka\wwwroot\dist\Store\Modules\Incident\mutations.js.map
G:\RFX\SOPKA\SOPKA2019\sopka\wwwroot\dist\Store\Modules\Incident\getters.js
G:\RFX\SOPKA\SOPKA2019\sopka\wwwroot\dist\Store\Modules\Incident\getters.js.map
G:\RFX\SOPKA\SOPKA2019\sopka\wwwroot\dist\Store\Modules\Incident\index.js
G:\RFX\SOPKA\SOPKA2019\sopka\wwwroot\dist\Store\Modules\Incident\index.js.map
G:\RFX\SOPKA\SOPKA2019\sopka\wwwroot\dist\Store\Modules\Dictionaries\actions.js
G:\RFX\SOPKA\SOPKA2019\sopka\wwwroot\dist\Store\Modules\Dictionaries\actions.js.map
G:\RFX\SOPKA\SOPKA2019\sopka\wwwroot\dist\Store\Modules\Dictionaries\mutations.js
G:\RFX\SOPKA\SOPKA2019\sopka\wwwroot\dist\Store\Modules\Dictionaries\mutations.js.map
G:\RFX\SOPKA\SOPKA2019\sopka\wwwroot\dist\Store\Modules\Dictionaries\getters.js
G:\RFX\SOPKA\SOPKA2019\sopka\wwwroot\dist\Store\Modules\Dictionaries\getters.js.map
G:\RFX\SOPKA\SOPKA2019\sopka\wwwroot\dist\Store\Modules\Dictionaries\index.js
G:\RFX\SOPKA\SOPKA2019\sopka\wwwroot\dist\Store\Modules\Dictionaries\index.js.map
G:\RFX\SOPKA\SOPKA2019\sopka\wwwroot\dist\Store\Modules\Common\actions.js
G:\RFX\SOPKA\SOPKA2019\sopka\wwwroot\dist\Store\Modules\Common\actions.js.map
G:\RFX\SOPKA\SOPKA2019\sopka\wwwroot\dist\Store\Modules\Common\mutations.js
G:\RFX\SOPKA\SOPKA2019\sopka\wwwroot\dist\Store\Modules\Common\mutations.js.map
G:\RFX\SOPKA\SOPKA2019\sopka\wwwroot\dist\Store\Modules\Common\getters.js
G:\RFX\SOPKA\SOPKA2019\sopka\wwwroot\dist\Store\Modules\Common\getters.js.map
G:\RFX\SOPKA\SOPKA2019\sopka\wwwroot\dist\Store\Modules\Common\index.js
G:\RFX\SOPKA\SOPKA2019\sopka\wwwroot\dist\Store\Modules\Common\index.js.map
G:\RFX\SOPKA\SOPKA2019\sopka\wwwroot\dist\Store\Modules\Users\types.js
G:\RFX\SOPKA\SOPKA2019\sopka\wwwroot\dist\Store\Modules\Users\types.js.map
G:\RFX\SOPKA\SOPKA2019\sopka\wwwroot\dist\Store\Modules\Users\constants.js
G:\RFX\SOPKA\SOPKA2019\sopka\wwwroot\dist\Store\Modules\Users\constants.js.map
G:\RFX\SOPKA\SOPKA2019\sopka\wwwroot\dist\Store\Modules\Users\actions.js
G:\RFX\SOPKA\SOPKA2019\sopka\wwwroot\dist\Store\Modules\Users\actions.js.map
G:\RFX\SOPKA\SOPKA2019\sopka\wwwroot\dist\Store\Modules\Users\mutations.js
G:\RFX\SOPKA\SOPKA2019\sopka\wwwroot\dist\Store\Modules\Users\mutations.js.map
G:\RFX\SOPKA\SOPKA2019\sopka\wwwroot\dist\Store\Modules\Users\getters.js
G:\RFX\SOPKA\SOPKA2019\sopka\wwwroot\dist\Store\Modules\Users\getters.js.map
G:\RFX\SOPKA\SOPKA2019\sopka\wwwroot\dist\Store\Modules\Users\index.js
G:\RFX\SOPKA\SOPKA2019\sopka\wwwroot\dist\Store\Modules\Users\index.js.map
G:\RFX\SOPKA\SOPKA2019\sopka\wwwroot\dist\Store\Modules\KnowledgeBase\constants.js
G:\RFX\SOPKA\SOPKA2019\sopka\wwwroot\dist\Store\Modules\KnowledgeBase\constants.js.map
G:\RFX\SOPKA\SOPKA2019\sopka\wwwroot\dist\Store\Modules\KnowledgeBase\actions.js
G:\RFX\SOPKA\SOPKA2019\sopka\wwwroot\dist\Store\Modules\KnowledgeBase\actions.js.map
G:\RFX\SOPKA\SOPKA2019\sopka\wwwroot\dist\Store\Modules\KnowledgeBase\mutations.js
G:\RFX\SOPKA\SOPKA2019\sopka\wwwroot\dist\Store\Modules\KnowledgeBase\mutations.js.map
G:\RFX\SOPKA\SOPKA2019\sopka\wwwroot\dist\Store\Modules\KnowledgeBase\getters.js
G:\RFX\SOPKA\SOPKA2019\sopka\wwwroot\dist\Store\Modules\KnowledgeBase\getters.js.map
G:\RFX\SOPKA\SOPKA2019\sopka\wwwroot\dist\Store\Modules\KnowledgeBase\index.js
G:\RFX\SOPKA\SOPKA2019\sopka\wwwroot\dist\Store\Modules\KnowledgeBase\index.js.map
G:\RFX\SOPKA\SOPKA2019\sopka\wwwroot\dist\Store\Modules\LogAction\types.js
G:\RFX\SOPKA\SOPKA2019\sopka\wwwroot\dist\Store\Modules\LogAction\types.js.map
G:\RFX\SOPKA\SOPKA2019\sopka\wwwroot\dist\Store\Modules\LogAction\constants.js
G:\RFX\SOPKA\SOPKA2019\sopka\wwwroot\dist\Store\Modules\LogAction\constants.js.map
G:\RFX\SOPKA\SOPKA2019\sopka\wwwroot\dist\Store\Modules\LogAction\actions.js
G:\RFX\SOPKA\SOPKA2019\sopka\wwwroot\dist\Store\Modules\LogAction\actions.js.map
G:\RFX\SOPKA\SOPKA2019\sopka\wwwroot\dist\Store\Modules\LogAction\mutations.js
G:\RFX\SOPKA\SOPKA2019\sopka\wwwroot\dist\Store\Modules\LogAction\mutations.js.map
G:\RFX\SOPKA\SOPKA2019\sopka\wwwroot\dist\Store\Modules\LogAction\getters.js
G:\RFX\SOPKA\SOPKA2019\sopka\wwwroot\dist\Store\Modules\LogAction\getters.js.map
G:\RFX\SOPKA\SOPKA2019\sopka\wwwroot\dist\Store\Modules\LogAction\index.js
G:\RFX\SOPKA\SOPKA2019\sopka\wwwroot\dist\Store\Modules\LogAction\index.js.map
G:\RFX\SOPKA\SOPKA2019\sopka\wwwroot\dist\Store\Modules\EquipmentLogs\types.js
G:\RFX\SOPKA\SOPKA2019\sopka\wwwroot\dist\Store\Modules\EquipmentLogs\types.js.map
G:\RFX\SOPKA\SOPKA2019\sopka\wwwroot\dist\Store\Modules\EquipmentLogs\constants.js
G:\RFX\SOPKA\SOPKA2019\sopka\wwwroot\dist\Store\Modules\EquipmentLogs\constants.js.map
G:\RFX\SOPKA\SOPKA2019\sopka\wwwroot\dist\Store\Modules\EquipmentLogs\actions.js
G:\RFX\SOPKA\SOPKA2019\sopka\wwwroot\dist\Store\Modules\EquipmentLogs\actions.js.map
G:\RFX\SOPKA\SOPKA2019\sopka\wwwroot\dist\Store\Modules\EquipmentLogs\mutations.js
G:\RFX\SOPKA\SOPKA2019\sopka\wwwroot\dist\Store\Modules\EquipmentLogs\mutations.js.map
G:\RFX\SOPKA\SOPKA2019\sopka\wwwroot\dist\Store\Modules\EquipmentLogs\getters.js
G:\RFX\SOPKA\SOPKA2019\sopka\wwwroot\dist\Store\Modules\EquipmentLogs\getters.js.map
G:\RFX\SOPKA\SOPKA2019\sopka\wwwroot\dist\Store\Modules\EquipmentLogs\index.js
G:\RFX\SOPKA\SOPKA2019\sopka\wwwroot\dist\Store\Modules\EquipmentLogs\index.js.map
G:\RFX\SOPKA\SOPKA2019\sopka\wwwroot\dist\Store\Modules\EquipmentJournals\types.js
G:\RFX\SOPKA\SOPKA2019\sopka\wwwroot\dist\Store\Modules\EquipmentJournals\types.js.map
G:\RFX\SOPKA\SOPKA2019\sopka\wwwroot\dist\Store\Modules\EquipmentJournals\constants.js
G:\RFX\SOPKA\SOPKA2019\sopka\wwwroot\dist\Store\Modules\EquipmentJournals\constants.js.map
G:\RFX\SOPKA\SOPKA2019\sopka\wwwroot\dist\Store\Modules\EquipmentJournals\actions.js
G:\RFX\SOPKA\SOPKA2019\sopka\wwwroot\dist\Store\Modules\EquipmentJournals\actions.js.map
G:\RFX\SOPKA\SOPKA2019\sopka\wwwroot\dist\Store\Modules\EquipmentJournals\mutations.js
G:\RFX\SOPKA\SOPKA2019\sopka\wwwroot\dist\Store\Modules\EquipmentJournals\mutations.js.map
G:\RFX\SOPKA\SOPKA2019\sopka\wwwroot\dist\Store\Modules\EquipmentJournals\getters.js
G:\RFX\SOPKA\SOPKA2019\sopka\wwwroot\dist\Store\Modules\EquipmentJournals\getters.js.map
G:\RFX\SOPKA\SOPKA2019\sopka\wwwroot\dist\Store\Modules\EquipmentJournals\index.js
G:\RFX\SOPKA\SOPKA2019\sopka\wwwroot\dist\Store\Modules\EquipmentJournals\index.js.map
G:\RFX\SOPKA\SOPKA2019\sopka\wwwroot\dist\Store\index.js
G:\RFX\SOPKA\SOPKA2019\sopka\wwwroot\dist\Store\index.js.map
G:\RFX\SOPKA\SOPKA2019\sopka\wwwroot\dist\Components\Entry\boot.js
G:\RFX\SOPKA\SOPKA2019\sopka\wwwroot\dist\Components\Entry\boot.js.map
G:\RFX\SOPKA\SOPKA2019\sopka\wwwroot\dist\Components\Equipment\index.js
G:\RFX\SOPKA\SOPKA2019\sopka\wwwroot\dist\Components\Equipment\index.js.map
G:\RFX\SOPKA\SOPKA2019\sopka\wwwroot\dist\Components\Equipment\EquipmentDetails\EquipmentDetails.js
G:\RFX\SOPKA\SOPKA2019\sopka\wwwroot\dist\Components\Equipment\EquipmentDetails\EquipmentDetails.js.map
G:\RFX\SOPKA\SOPKA2019\sopka\wwwroot\dist\Components\Equipment\EquipmentDetails\Modals\CreateHDD.js
G:\RFX\SOPKA\SOPKA2019\sopka\wwwroot\dist\Components\Equipment\EquipmentDetails\Modals\CreateHDD.js.map
G:\RFX\SOPKA\SOPKA2019\sopka\wwwroot\dist\Components\Equipment\EquipmentDetails\Modals\CreateMemory.js
G:\RFX\SOPKA\SOPKA2019\sopka\wwwroot\dist\Components\Equipment\EquipmentDetails\Modals\CreateMemory.js.map
G:\RFX\SOPKA\SOPKA2019\sopka\wwwroot\dist\Components\Equipment\EquipmentDetails\Modals\CreateNetworkAdapter.js
G:\RFX\SOPKA\SOPKA2019\sopka\wwwroot\dist\Components\Equipment\EquipmentDetails\Modals\CreateNetworkAdapter.js.map
G:\RFX\SOPKA\SOPKA2019\sopka\wwwroot\dist\Components\Equipment\EquipmentDetails\Modals\CreateOS.js
G:\RFX\SOPKA\SOPKA2019\sopka\wwwroot\dist\Components\Equipment\EquipmentDetails\Modals\CreateOS.js.map
G:\RFX\SOPKA\SOPKA2019\sopka\wwwroot\dist\Components\Equipment\EquipmentDetails\Modals\CreatePlatform.js
G:\RFX\SOPKA\SOPKA2019\sopka\wwwroot\dist\Components\Equipment\EquipmentDetails\Modals\CreatePlatform.js.map
G:\RFX\SOPKA\SOPKA2019\sopka\wwwroot\dist\Components\Equipment\EquipmentDetails\Modals\CreateProcessor.js
G:\RFX\SOPKA\SOPKA2019\sopka\wwwroot\dist\Components\Equipment\EquipmentDetails\Modals\CreateProcessor.js.map
G:\RFX\SOPKA\SOPKA2019\sopka\wwwroot\dist\Components\Equipment\EquipmentDetails\Modals\CreateSoftware.js
G:\RFX\SOPKA\SOPKA2019\sopka\wwwroot\dist\Components\Equipment\EquipmentDetails\Modals\CreateSoftware.js.map
G:\RFX\SOPKA\SOPKA2019\sopka\wwwroot\dist\Components\Equipment\EquipmentDetails\Modals\CreateType.js
G:\RFX\SOPKA\SOPKA2019\sopka\wwwroot\dist\Components\Equipment\EquipmentDetails\Modals\CreateType.js.map
G:\RFX\SOPKA\SOPKA2019\sopka\wwwroot\dist\Components\Equipment\EquipmentList\EquipmentEntry.js
G:\RFX\SOPKA\SOPKA2019\sopka\wwwroot\dist\Components\Equipment\EquipmentList\EquipmentEntry.js.map
G:\RFX\SOPKA\SOPKA2019\sopka\wwwroot\dist\Components\EquipmentJournals\index.js
G:\RFX\SOPKA\SOPKA2019\sopka\wwwroot\dist\Components\EquipmentJournals\index.js.map
G:\RFX\SOPKA\SOPKA2019\sopka\wwwroot\dist\Components\EquipmentJournals\Filter\JournalFilter.js
G:\RFX\SOPKA\SOPKA2019\sopka\wwwroot\dist\Components\EquipmentJournals\Filter\JournalFilter.js.map
G:\RFX\SOPKA\SOPKA2019\sopka\wwwroot\dist\Components\EquipmentLogs\EquipmentLogs.js
G:\RFX\SOPKA\SOPKA2019\sopka\wwwroot\dist\Components\EquipmentLogs\EquipmentLogs.js.map
G:\RFX\SOPKA\SOPKA2019\sopka\wwwroot\dist\Components\EquipmentLogs\Rule\Rule.js
G:\RFX\SOPKA\SOPKA2019\sopka\wwwroot\dist\Components\EquipmentLogs\Rule\Rule.js.map
G:\RFX\SOPKA\SOPKA2019\sopka\wwwroot\dist\Components\FilePreview\index.js
G:\RFX\SOPKA\SOPKA2019\sopka\wwwroot\dist\Components\FilePreview\index.js.map
G:\RFX\SOPKA\SOPKA2019\sopka\wwwroot\dist\Components\Incident\index.js
G:\RFX\SOPKA\SOPKA2019\sopka\wwwroot\dist\Components\Incident\index.js.map
G:\RFX\SOPKA\SOPKA2019\sopka\wwwroot\dist\Components\Incident\Filter\IncidentFilter.js
G:\RFX\SOPKA\SOPKA2019\sopka\wwwroot\dist\Components\Incident\Filter\IncidentFilter.js.map
G:\RFX\SOPKA\SOPKA2019\sopka\wwwroot\dist\Shared\fileService.js
G:\RFX\SOPKA\SOPKA2019\sopka\wwwroot\dist\Shared\fileService.js.map
G:\RFX\SOPKA\SOPKA2019\sopka\wwwroot\dist\Components\Incident\Form\form.js
G:\RFX\SOPKA\SOPKA2019\sopka\wwwroot\dist\Components\Incident\Form\form.js.map
G:\RFX\SOPKA\SOPKA2019\sopka\wwwroot\dist\Components\Incident\Form\History\history.js
G:\RFX\SOPKA\SOPKA2019\sopka\wwwroot\dist\Components\Incident\Form\History\history.js.map
G:\RFX\SOPKA\SOPKA2019\sopka\wwwroot\dist\Components\Incident\Form\KbArticles\KbArticles.js
G:\RFX\SOPKA\SOPKA2019\sopka\wwwroot\dist\Components\Incident\Form\KbArticles\KbArticles.js.map
G:\RFX\SOPKA\SOPKA2019\sopka\wwwroot\dist\Components\Inventory\index.js
G:\RFX\SOPKA\SOPKA2019\sopka\wwwroot\dist\Components\Inventory\index.js.map
G:\RFX\SOPKA\SOPKA2019\sopka\wwwroot\dist\Components\Inventory\EquipmentList\EquipmentList.js
G:\RFX\SOPKA\SOPKA2019\sopka\wwwroot\dist\Components\Inventory\EquipmentList\EquipmentList.js.map
G:\RFX\SOPKA\SOPKA2019\sopka\wwwroot\dist\Components\Inventory\ObjectDetails\ObjectDetails.js
G:\RFX\SOPKA\SOPKA2019\sopka\wwwroot\dist\Components\Inventory\ObjectDetails\ObjectDetails.js.map
G:\RFX\SOPKA\SOPKA2019\sopka\wwwroot\dist\Components\Inventory\ObjectList\ObjectEntry.js
G:\RFX\SOPKA\SOPKA2019\sopka\wwwroot\dist\Components\Inventory\ObjectList\ObjectEntry.js.map
G:\RFX\SOPKA\SOPKA2019\sopka\wwwroot\dist\Components\Inventory\ObjectList\ObjectList.js
G:\RFX\SOPKA\SOPKA2019\sopka\wwwroot\dist\Components\Inventory\ObjectList\ObjectList.js.map
G:\RFX\SOPKA\SOPKA2019\sopka\wwwroot\dist\Components\Inventory\yMap\yMap.js
G:\RFX\SOPKA\SOPKA2019\sopka\wwwroot\dist\Components\Inventory\yMap\yMap.js.map
G:\RFX\SOPKA\SOPKA2019\sopka\wwwroot\dist\Components\KnowledgeBase\index.js
G:\RFX\SOPKA\SOPKA2019\sopka\wwwroot\dist\Components\KnowledgeBase\index.js.map
G:\RFX\SOPKA\SOPKA2019\sopka\wwwroot\dist\Components\KnowledgeBase\Details\details.js
G:\RFX\SOPKA\SOPKA2019\sopka\wwwroot\dist\Components\KnowledgeBase\Details\details.js.map
G:\RFX\SOPKA\SOPKA2019\sopka\wwwroot\dist\Components\KnowledgeBase\Details\RelatedIncidents\relatedIncidents.js
G:\RFX\SOPKA\SOPKA2019\sopka\wwwroot\dist\Components\KnowledgeBase\Details\RelatedIncidents\relatedIncidents.js.map
G:\RFX\SOPKA\SOPKA2019\sopka\wwwroot\dist\Components\KnowledgeBase\FolderForm\folderForm.js
G:\RFX\SOPKA\SOPKA2019\sopka\wwwroot\dist\Components\KnowledgeBase\FolderForm\folderForm.js.map
G:\RFX\SOPKA\SOPKA2019\sopka\wwwroot\dist\Components\KnowledgeBase\Tree\tree.js
G:\RFX\SOPKA\SOPKA2019\sopka\wwwroot\dist\Components\KnowledgeBase\Tree\tree.js.map
G:\RFX\SOPKA\SOPKA2019\sopka\wwwroot\dist\Components\LogAction\index.js
G:\RFX\SOPKA\SOPKA2019\sopka\wwwroot\dist\Components\LogAction\index.js.map
G:\RFX\SOPKA\SOPKA2019\sopka\wwwroot\dist\Components\LogAction\Details\LogDetails.js
G:\RFX\SOPKA\SOPKA2019\sopka\wwwroot\dist\Components\LogAction\Details\LogDetails.js.map
G:\RFX\SOPKA\SOPKA2019\sopka\wwwroot\dist\Components\LogAction\Filter\LogActionFilter.js
G:\RFX\SOPKA\SOPKA2019\sopka\wwwroot\dist\Components\LogAction\Filter\LogActionFilter.js.map
G:\RFX\SOPKA\SOPKA2019\sopka\wwwroot\dist\Components\LogAction\TableCellComponents\logDetailsCell.js
G:\RFX\SOPKA\SOPKA2019\sopka\wwwroot\dist\Components\LogAction\TableCellComponents\logDetailsCell.js.map
G:\RFX\SOPKA\SOPKA2019\sopka\wwwroot\dist\Components\LogAction\TableCellComponents\logEntityCell.js
G:\RFX\SOPKA\SOPKA2019\sopka\wwwroot\dist\Components\LogAction\TableCellComponents\logEntityCell.js.map
G:\RFX\SOPKA\SOPKA2019\sopka\wwwroot\dist\Components\Login\AccessRecovery.js
G:\RFX\SOPKA\SOPKA2019\sopka\wwwroot\dist\Components\Login\AccessRecovery.js.map
G:\RFX\SOPKA\SOPKA2019\sopka\wwwroot\dist\Components\Login\ResetPassword.js
G:\RFX\SOPKA\SOPKA2019\sopka\wwwroot\dist\Components\Login\ResetPassword.js.map
G:\RFX\SOPKA\SOPKA2019\sopka\wwwroot\dist\Components\Login\Support.js
G:\RFX\SOPKA\SOPKA2019\sopka\wwwroot\dist\Components\Login\Support.js.map
G:\RFX\SOPKA\SOPKA2019\sopka\wwwroot\dist\Components\Login\index.js
G:\RFX\SOPKA\SOPKA2019\sopka\wwwroot\dist\Components\Login\index.js.map
G:\RFX\SOPKA\SOPKA2019\sopka\wwwroot\dist\Components\MainPage\MainMenu.js
G:\RFX\SOPKA\SOPKA2019\sopka\wwwroot\dist\Components\MainPage\MainMenu.js.map
G:\RFX\SOPKA\SOPKA2019\sopka\wwwroot\dist\Components\MainPage\index.js
G:\RFX\SOPKA\SOPKA2019\sopka\wwwroot\dist\Components\MainPage\index.js.map
G:\RFX\SOPKA\SOPKA2019\sopka\wwwroot\dist\Components\MainPage\InfTable\infTable.js
G:\RFX\SOPKA\SOPKA2019\sopka\wwwroot\dist\Components\MainPage\InfTable\infTable.js.map
G:\RFX\SOPKA\SOPKA2019\sopka\wwwroot\dist\Components\MainPage\mailBoard\mailBoard.js
G:\RFX\SOPKA\SOPKA2019\sopka\wwwroot\dist\Components\MainPage\mailBoard\mailBoard.js.map
G:\RFX\SOPKA\SOPKA2019\sopka\wwwroot\dist\Components\MainPage\smallMap\smallMap.js
G:\RFX\SOPKA\SOPKA2019\sopka\wwwroot\dist\Components\MainPage\smallMap\smallMap.js.map
G:\RFX\SOPKA\SOPKA2019\sopka\wwwroot\dist\Components\MainPage\smallMessage\smallMessage.js
G:\RFX\SOPKA\SOPKA2019\sopka\wwwroot\dist\Components\MainPage\smallMessage\smallMessage.js.map
G:\RFX\SOPKA\SOPKA2019\sopka\wwwroot\dist\Components\Users\index.js
G:\RFX\SOPKA\SOPKA2019\sopka\wwwroot\dist\Components\Users\index.js.map
G:\RFX\SOPKA\SOPKA2019\sopka\wwwroot\dist\Components\Users\Blocking\blocking.js
G:\RFX\SOPKA\SOPKA2019\sopka\wwwroot\dist\Components\Users\Blocking\blocking.js.map
G:\RFX\SOPKA\SOPKA2019\sopka\wwwroot\dist\Components\Users\EditForm\editForm.js
G:\RFX\SOPKA\SOPKA2019\sopka\wwwroot\dist\Components\Users\EditForm\editForm.js.map
G:\RFX\SOPKA\SOPKA2019\sopka\wwwroot\dist\Components\Users\ResetPassword\resetPassword.js
G:\RFX\SOPKA\SOPKA2019\sopka\wwwroot\dist\Components\Users\ResetPassword\resetPassword.js.map
G:\RFX\SOPKA\SOPKA2019\sopka\wwwroot\dist\Shared\Datatable\Datatable.js
G:\RFX\SOPKA\SOPKA2019\sopka\wwwroot\dist\Shared\Datatable\Datatable.js.map
G:\RFX\SOPKA\SOPKA2019\sopka\wwwroot\dist\Shared\Datatable\Filters\filters.js
G:\RFX\SOPKA\SOPKA2019\sopka\wwwroot\dist\Shared\Datatable\Filters\filters.js.map
G:\RFX\SOPKA\SOPKA2019\sopka\wwwroot\dist\Shared\Modals\modal.js
G:\RFX\SOPKA\SOPKA2019\sopka\wwwroot\dist\Shared\Modals\modal.js.map
G:\RFX\SOPKA\SOPKA2019\sopka\wwwroot\dist\Shared\Select2\types.js
G:\RFX\SOPKA\SOPKA2019\sopka\wwwroot\dist\Shared\Select2\types.js.map
G:\RFX\SOPKA\SOPKA2019\sopka\wwwroot\dist\Shared\Select2\select2.js
G:\RFX\SOPKA\SOPKA2019\sopka\wwwroot\dist\Shared\Select2\select2.js.map
